<?xml version="1.0" encoding="UTF-8"?>
<coverage generated="1756470373677" clover="3.2.0">
  <project timestamp="1756470373677" name="All files">
    <metrics statements="13" coveredstatements="12" conditionals="8" coveredconditionals="8" methods="3" coveredmethods="3" elements="24" coveredelements="23" complexity="0" loc="13" ncloc="13" packages="1" files="1" classes="1"/>
    <file name="handleLogin.js" path="C:\Users\20230133\Downloads\projetos\SoilSense\Mobile\src\test\handleLogin.js">
      <metrics statements="13" coveredstatements="12" conditionals="8" coveredconditionals="8" methods="3" coveredmethods="3"/>
      <line num="2" count="3" type="stmt"/>
      <line num="3" count="3" type="cond" truecount="4" falsecount="0"/>
      <line num="4" count="1" type="stmt"/>
      <line num="5" count="1" type="stmt"/>
      <line num="9" count="2" type="stmt"/>
      <line num="14" count="2" type="stmt"/>
      <line num="15" count="2" type="stmt"/>
      <line num="16" count="3" type="cond" truecount="2" falsecount="0"/>
      <line num="19" count="2" type="cond" truecount="2" falsecount="0"/>
      <line num="20" count="1" type="stmt"/>
      <line num="22" count="1" type="stmt"/>
      <line num="25" count="0" type="stmt"/>
      <line num="30" count="1" type="stmt"/>
    </file>
  </project>
</coverage>
