{"C:\\Users\\20230133\\Downloads\\projetos\\SoilSense\\Mobile\\src\\test\\handleLogin.js": {"path":"C:\\Users\\20230133\\Downloads\\projetos\\SoilSense\\Mobile\\src\\test\\handleLogin.js","statementMap":{"0":{"start":{"line":2,"column":2},"end":{"line":27,"column":4}},"1":{"start":{"line":3,"column":4},"end":{"line":6,"column":5}},"2":{"start":{"line":4,"column":6},"end":{"line":4,"column":47}},"3":{"start":{"line":5,"column":6},"end":{"line":5,"column":13}},"4":{"start":{"line":9,"column":21},"end":{"line":12,"column":5}},"5":{"start":{"line":14,"column":4},"end":{"line":26,"column":5}},"6":{"start":{"line":15,"column":22},"end":{"line":17,"column":7}},"7":{"start":{"line":16,"column":15},"end":{"line":16,"column":53}},"8":{"start":{"line":19,"column":6},"end":{"line":23,"column":7}},"9":{"start":{"line":20,"column":8},"end":{"line":20,"column":40}},"10":{"start":{"line":22,"column":8},"end":{"line":22,"column":49}},"11":{"start":{"line":25,"column":6},"end":{"line":25,"column":52}},"12":{"start":{"line":30,"column":0},"end":{"line":30,"column":29}}},"fnMap":{"0":{"name":"handleLogin","decl":{"start":{"line":1,"column":9},"end":{"line":1,"column":20}},"loc":{"start":{"line":1,"column":35},"end":{"line":28,"column":1}},"line":1},"1":{"name":"(anonymous_1)","decl":{"start":{"line":2,"column":9},"end":{"line":2,"column":10}},"loc":{"start":{"line":2,"column":21},"end":{"line":27,"column":3}},"line":2},"2":{"name":"(anonymous_2)","decl":{"start":{"line":16,"column":8},"end":{"line":16,"column":9}},"loc":{"start":{"line":16,"column":15},"end":{"line":16,"column":53}},"line":16}},"branchMap":{"0":{"loc":{"start":{"line":3,"column":4},"end":{"line":6,"column":5}},"type":"if","locations":[{"start":{"line":3,"column":4},"end":{"line":6,"column":5}},{"start":{},"end":{}}],"line":3},"1":{"loc":{"start":{"line":3,"column":8},"end":{"line":3,"column":24}},"type":"binary-expr","locations":[{"start":{"line":3,"column":8},"end":{"line":3,"column":14}},{"start":{"line":3,"column":18},"end":{"line":3,"column":24}}],"line":3},"2":{"loc":{"start":{"line":16,"column":15},"end":{"line":16,"column":53}},"type":"binary-expr","locations":[{"start":{"line":16,"column":15},"end":{"line":16,"column":32}},{"start":{"line":16,"column":36},"end":{"line":16,"column":53}}],"line":16},"3":{"loc":{"start":{"line":19,"column":6},"end":{"line":23,"column":7}},"type":"if","locations":[{"start":{"line":19,"column":6},"end":{"line":23,"column":7}},{"start":{"line":21,"column":13},"end":{"line":23,"column":7}}],"line":19}},"s":{"0":3,"1":3,"2":1,"3":1,"4":2,"5":2,"6":2,"7":3,"8":2,"9":1,"10":1,"11":0,"12":1},"f":{"0":3,"1":3,"2":3},"b":{"0":[1,2],"1":[3,2],"2":[3,1],"3":[1,1]},"_coverageSchema":"1a1c01bbd47fc00a2c39e90264f33305004495a9","hash":"2c7b08ad81ad9a5d84c3512cd1429e50a50c9395"}
}
